01.23. 11.50.59 [restartedMain] [INFO] c.B.BlogApplication.BlogApplication - Starting BlogApplication using Java 22.0.2 on DESKTOP-KGQ4EOO with PID 7360 (D:\BlogApplication2024\BlogApplication\target\classes started by com in D:\BlogApplication2024\BlogApplication)
01.23. 11.50.59 [restartedMain] [INFO] c.B.BlogApplication.BlogApplication - No active profile set, falling back to 1 default profile: "default"
01.23. 11.50.59 [restartedMain] [INFO] o.s.d.r.c.RepositoryConfigurationDelegate - Bootstrapping Spring Data JPA repositories in DEFAULT mode.
01.23. 11.50.59 [restartedMain] [INFO] o.s.d.r.c.RepositoryConfigurationDelegate - Finished Spring Data repository scanning in 32 ms. Found 3 JPA repository interfaces.
01.23. 11.51.00 [restartedMain] [INFO] o.s.b.w.e.tomcat.TomcatWebServer - Tomcat initialized with port(s): 9090 (http)
01.23. 11.51.00 [restartedMain] [INFO] o.a.coyote.http11.Http11NioProtocol - Initializing ProtocolHandler ["http-nio-9090"]
01.23. 11.51.00 [restartedMain] [INFO] o.a.catalina.core.StandardService - Starting service [Tomcat]
01.23. 11.51.00 [restartedMain] [INFO] o.a.catalina.core.StandardEngine - Starting Servlet engine: [Apache Tomcat/9.0.71]
01.23. 11.51.00 [restartedMain] [INFO] o.a.c.c.C.[Tomcat].[localhost].[/] - Initializing Spring embedded WebApplicationContext
01.23. 11.51.00 [restartedMain] [INFO] o.s.b.w.s.c.ServletWebServerApplicationContext - Root WebApplicationContext: initialization completed in 518 ms
01.23. 11.51.00 [restartedMain] [INFO] o.h.jpa.internal.util.LogHelper - HHH000204: Processing PersistenceUnitInfo [name: default]
01.23. 11.51.00 [restartedMain] [INFO] com.zaxxer.hikari.HikariDataSource - HikariPool-4 - Starting...
01.23. 11.51.00 [restartedMain] [INFO] com.zaxxer.hikari.HikariDataSource - HikariPool-4 - Start completed.
01.23. 11.51.00 [restartedMain] [INFO] org.hibernate.dialect.Dialect - HHH000400: Using dialect: org.hibernate.dialect.MySQL8Dialect
01.23. 11.51.00 [restartedMain] [INFO] o.h.e.t.j.p.i.JtaPlatformInitiator - HHH000490: Using JtaPlatform implementation: [org.hibernate.engine.transaction.jta.platform.internal.NoJtaPlatform]
01.23. 11.51.00 [restartedMain] [INFO] o.s.o.j.LocalContainerEntityManagerFactoryBean - Initialized JPA EntityManagerFactory for persistence unit 'default'
01.23. 11.51.00 [restartedMain] [WARN] o.s.b.a.o.j.JpaBaseConfiguration$JpaWebConfiguration - spring.jpa.open-in-view is enabled by default. Therefore, database queries may be performed during view rendering. Explicitly configure spring.jpa.open-in-view to disable this warning
01.23. 11.51.00 [restartedMain] [INFO] o.s.b.d.a.OptionalLiveReloadServer - LiveReload server is running on port 35729
01.23. 11.51.00 [restartedMain] [INFO] o.a.coyote.http11.Http11NioProtocol - Starting ProtocolHandler ["http-nio-9090"]
01.23. 11.51.00 [restartedMain] [INFO] o.s.b.w.e.tomcat.TomcatWebServer - Tomcat started on port(s): 9090 (http) with context path ''
01.23. 11.51.00 [restartedMain] [INFO] c.B.BlogApplication.BlogApplication - Started BlogApplication in 1.19 seconds (JVM running for 232.05)
01.23. 11.51.00 [restartedMain] [INFO] o.s.b.d.a.ConditionEvaluationDeltaLoggingListener - Condition evaluation unchanged
01.23. 11.53.27 [File Watcher] [INFO] o.s.b.d.a.LocalDevToolsAutoConfiguration$RestartingClassPathChangeChangedEventListener - Restarting due to 1 class path change (0 additions, 0 deletions, 1 modification)
01.23. 11.53.27 [Thread-17] [INFO] o.a.coyote.http11.Http11NioProtocol - Pausing ProtocolHandler ["http-nio-9090"]
01.23. 11.53.27 [Thread-17] [INFO] o.a.catalina.core.StandardService - Stopping service [Tomcat]
01.23. 11.53.27 [Thread-17] [INFO] o.a.coyote.http11.Http11NioProtocol - Stopping ProtocolHandler ["http-nio-9090"]
01.23. 11.53.27 [Thread-17] [INFO] o.a.coyote.http11.Http11NioProtocol - Destroying ProtocolHandler ["http-nio-9090"]
01.23. 11.53.27 [Thread-17] [INFO] o.s.o.j.LocalContainerEntityManagerFactoryBean - Closing JPA EntityManagerFactory for persistence unit 'default'
01.23. 11.53.27 [Thread-17] [INFO] com.zaxxer.hikari.HikariDataSource - HikariPool-4 - Shutdown initiated...
01.23. 11.53.27 [Thread-17] [INFO] com.zaxxer.hikari.HikariDataSource - HikariPool-4 - Shutdown completed.
01.23. 11.53.27 [restartedMain] [INFO] c.B.BlogApplication.BlogApplication - Starting BlogApplication using Java 22.0.2 on DESKTOP-KGQ4EOO with PID 7360 (D:\BlogApplication2024\BlogApplication\target\classes started by com in D:\BlogApplication2024\BlogApplication)
01.23. 11.53.27 [restartedMain] [INFO] c.B.BlogApplication.BlogApplication - No active profile set, falling back to 1 default profile: "default"
01.23. 11.53.28 [restartedMain] [INFO] o.s.d.r.c.RepositoryConfigurationDelegate - Bootstrapping Spring Data JPA repositories in DEFAULT mode.
01.23. 11.53.28 [restartedMain] [INFO] o.s.d.r.c.RepositoryConfigurationDelegate - Finished Spring Data repository scanning in 35 ms. Found 3 JPA repository interfaces.
01.23. 11.53.28 [restartedMain] [INFO] o.s.b.w.e.tomcat.TomcatWebServer - Tomcat initialized with port(s): 9090 (http)
01.23. 11.53.28 [restartedMain] [INFO] o.a.coyote.http11.Http11NioProtocol - Initializing ProtocolHandler ["http-nio-9090"]
01.23. 11.53.28 [restartedMain] [INFO] o.a.catalina.core.StandardService - Starting service [Tomcat]
01.23. 11.53.28 [restartedMain] [INFO] o.a.catalina.core.StandardEngine - Starting Servlet engine: [Apache Tomcat/9.0.71]
01.23. 11.53.28 [restartedMain] [INFO] o.a.c.c.C.[Tomcat].[localhost].[/] - Initializing Spring embedded WebApplicationContext
01.23. 11.53.28 [restartedMain] [INFO] o.s.b.w.s.c.ServletWebServerApplicationContext - Root WebApplicationContext: initialization completed in 604 ms
01.23. 11.53.28 [restartedMain] [INFO] o.h.jpa.internal.util.LogHelper - HHH000204: Processing PersistenceUnitInfo [name: default]
01.23. 11.53.28 [restartedMain] [INFO] com.zaxxer.hikari.HikariDataSource - HikariPool-5 - Starting...
01.23. 11.53.28 [restartedMain] [INFO] com.zaxxer.hikari.HikariDataSource - HikariPool-5 - Start completed.
01.23. 11.53.28 [restartedMain] [INFO] org.hibernate.dialect.Dialect - HHH000400: Using dialect: org.hibernate.dialect.MySQL8Dialect
01.23. 11.53.28 [restartedMain] [INFO] o.h.e.t.j.p.i.JtaPlatformInitiator - HHH000490: Using JtaPlatform implementation: [org.hibernate.engine.transaction.jta.platform.internal.NoJtaPlatform]
01.23. 11.53.28 [restartedMain] [INFO] o.s.o.j.LocalContainerEntityManagerFactoryBean - Initialized JPA EntityManagerFactory for persistence unit 'default'
01.23. 11.53.29 [restartedMain] [WARN] o.s.b.a.o.j.JpaBaseConfiguration$JpaWebConfiguration - spring.jpa.open-in-view is enabled by default. Therefore, database queries may be performed during view rendering. Explicitly configure spring.jpa.open-in-view to disable this warning
01.23. 11.53.29 [restartedMain] [INFO] o.s.b.d.a.OptionalLiveReloadServer - LiveReload server is running on port 35729
01.23. 11.53.29 [restartedMain] [INFO] o.a.coyote.http11.Http11NioProtocol - Starting ProtocolHandler ["http-nio-9090"]
01.23. 11.53.29 [restartedMain] [INFO] o.s.b.w.e.tomcat.TomcatWebServer - Tomcat started on port(s): 9090 (http) with context path ''
01.23. 11.53.29 [restartedMain] [INFO] c.B.BlogApplication.BlogApplication - Started BlogApplication in 1.533 seconds (JVM running for 380.767)
01.23. 11.53.29 [restartedMain] [INFO] o.s.b.d.a.ConditionEvaluationDeltaLoggingListener - Condition evaluation unchanged
01.23. 11.54.19 [http-nio-9090-exec-1] [INFO] o.a.c.c.C.[Tomcat].[localhost].[/] - Initializing Spring DispatcherServlet 'dispatcherServlet'
01.23. 11.54.19 [http-nio-9090-exec-1] [INFO] o.s.web.servlet.DispatcherServlet - Initializing Servlet 'dispatcherServlet'
01.23. 11.54.19 [http-nio-9090-exec-1] [INFO] o.s.web.servlet.DispatcherServlet - Completed initialization in 0 ms
01.23. 11.56.28 [http-nio-9090-exec-3] [INFO] c.B.B.controller.PostController - requesting to get all posts of pageNumber:0 and sortBy:postId
01.23. 11.56.28 [http-nio-9090-exec-3] [INFO] c.B.B.service.impl.PostServiceImpl - Initiating the dao call to get Posts of pageNumber:0 and ortBy:postId in diretion:asc
01.23. 11.56.28 [http-nio-9090-exec-3] [INFO] c.B.B.service.impl.PostServiceImpl - Completed the dao call to get Posts of pageNumber:0 and ortBy:postId in diretion:asc
01.23. 11.56.28 [http-nio-9090-exec-3] [INFO] c.B.B.controller.PostController - Completed the request to get all posts of pageNumber:0 and sortBy:postId
01.23. 11.57.27 [background-preinit] [INFO] o.h.validator.internal.util.Version - HV000001: Hibernate Validator 6.2.5.Final
01.23. 11.57.28 [restartedMain] [INFO] c.B.BlogApplication.BlogApplication - Starting BlogApplication using Java 22.0.2 on DESKTOP-KGQ4EOO with PID 6596 (D:\BlogApplication2024\BlogApplication\target\classes started by com in D:\BlogApplication2024\BlogApplication)
01.23. 11.57.28 [restartedMain] [INFO] c.B.BlogApplication.BlogApplication - No active profile set, falling back to 1 default profile: "default"
01.23. 11.57.28 [restartedMain] [INFO] o.s.b.d.e.DevToolsPropertyDefaultsPostProcessor - Devtools property defaults active! Set 'spring.devtools.add-properties' to 'false' to disable
01.23. 11.57.28 [restartedMain] [INFO] o.s.b.d.e.DevToolsPropertyDefaultsPostProcessor - For additional web related logging consider setting the 'logging.level.web' property to 'DEBUG'
01.23. 11.57.29 [restartedMain] [INFO] o.s.d.r.c.RepositoryConfigurationDelegate - Bootstrapping Spring Data JPA repositories in DEFAULT mode.
01.23. 11.57.29 [restartedMain] [INFO] o.s.d.r.c.RepositoryConfigurationDelegate - Finished Spring Data repository scanning in 103 ms. Found 3 JPA repository interfaces.
01.23. 11.57.31 [restartedMain] [INFO] o.s.b.w.e.tomcat.TomcatWebServer - Tomcat initialized with port(s): 9090 (http)
01.23. 11.57.31 [restartedMain] [INFO] o.a.coyote.http11.Http11NioProtocol - Initializing ProtocolHandler ["http-nio-9090"]
01.23. 11.57.31 [restartedMain] [INFO] o.a.catalina.core.StandardService - Starting service [Tomcat]
01.23. 11.57.31 [restartedMain] [INFO] o.a.catalina.core.StandardEngine - Starting Servlet engine: [Apache Tomcat/9.0.71]
01.23. 11.57.31 [restartedMain] [INFO] o.a.c.c.C.[Tomcat].[localhost].[/] - Initializing Spring embedded WebApplicationContext
01.23. 11.57.31 [restartedMain] [INFO] o.s.b.w.s.c.ServletWebServerApplicationContext - Root WebApplicationContext: initialization completed in 3087 ms
01.23. 11.57.31 [restartedMain] [INFO] o.h.jpa.internal.util.LogHelper - HHH000204: Processing PersistenceUnitInfo [name: default]
01.23. 11.57.31 [restartedMain] [INFO] org.hibernate.Version - HHH000412: Hibernate ORM core version 5.6.14.Final
01.23. 11.57.32 [restartedMain] [INFO] o.h.annotations.common.Version - HCANN000001: Hibernate Commons Annotations {5.1.2.Final}
01.23. 11.57.32 [restartedMain] [INFO] com.zaxxer.hikari.HikariDataSource - HikariPool-1 - Starting...
01.23. 11.57.32 [restartedMain] [INFO] com.zaxxer.hikari.HikariDataSource - HikariPool-1 - Start completed.
01.23. 11.57.33 [restartedMain] [INFO] org.hibernate.dialect.Dialect - HHH000400: Using dialect: org.hibernate.dialect.MySQL8Dialect
01.23. 11.57.34 [restartedMain] [INFO] o.h.e.t.j.p.i.JtaPlatformInitiator - HHH000490: Using JtaPlatform implementation: [org.hibernate.engine.transaction.jta.platform.internal.NoJtaPlatform]
01.23. 11.57.34 [restartedMain] [INFO] o.s.o.j.LocalContainerEntityManagerFactoryBean - Initialized JPA EntityManagerFactory for persistence unit 'default'
01.23. 11.57.35 [restartedMain] [WARN] o.s.b.a.o.j.JpaBaseConfiguration$JpaWebConfiguration - spring.jpa.open-in-view is enabled by default. Therefore, database queries may be performed during view rendering. Explicitly configure spring.jpa.open-in-view to disable this warning
01.23. 11.57.36 [restartedMain] [WARN] o.s.b.d.a.OptionalLiveReloadServer - Unable to start LiveReload server
01.23. 11.57.36 [restartedMain] [INFO] o.a.coyote.http11.Http11NioProtocol - Starting ProtocolHandler ["http-nio-9090"]
01.23. 11.57.36 [restartedMain] [WARN] o.s.b.w.s.c.AnnotationConfigServletWebServerApplicationContext - Exception encountered during context initialization - cancelling refresh attempt: org.springframework.context.ApplicationContextException: Failed to start bean 'webServerStartStop'; nested exception is org.springframework.boot.web.server.PortInUseException: Port 9090 is already in use
01.23. 11.57.36 [restartedMain] [INFO] o.s.o.j.LocalContainerEntityManagerFactoryBean - Closing JPA EntityManagerFactory for persistence unit 'default'
01.23. 11.57.36 [restartedMain] [INFO] com.zaxxer.hikari.HikariDataSource - HikariPool-1 - Shutdown initiated...
01.23. 11.57.36 [restartedMain] [INFO] com.zaxxer.hikari.HikariDataSource - HikariPool-1 - Shutdown completed.
01.23. 11.57.36 [restartedMain] [INFO] o.a.coyote.http11.Http11NioProtocol - Pausing ProtocolHandler ["http-nio-9090"]
01.23. 11.57.36 [restartedMain] [INFO] o.a.catalina.core.StandardService - Stopping service [Tomcat]
01.23. 11.57.36 [restartedMain] [INFO] o.a.coyote.http11.Http11NioProtocol - Stopping ProtocolHandler ["http-nio-9090"]
01.23. 11.57.36 [restartedMain] [INFO] o.a.coyote.http11.Http11NioProtocol - Destroying ProtocolHandler ["http-nio-9090"]
01.23. 11.57.36 [restartedMain] [INFO] o.s.b.a.l.ConditionEvaluationReportLoggingListener - 

Error starting ApplicationContext. To display the conditions report re-run your application with 'debug' enabled.
01.23. 11.57.36 [restartedMain] [ERROR] o.s.b.d.LoggingFailureAnalysisReporter - 

***************************
APPLICATION FAILED TO START
***************************

Description:

Web server failed to start. Port 9090 was already in use.

Action:

Identify and stop the process that's listening on port 9090 or configure this application to listen on another port.

01.23. 11.57.40 [RMI TCP Connection(14)-127.0.0.1] [INFO] o.s.b.a.SpringApplicationAdminMXBeanRegistrar$SpringApplicationAdmin - Application shutdown requested.
01.23. 11.57.40 [RMI TCP Connection(14)-127.0.0.1] [INFO] o.a.coyote.http11.Http11NioProtocol - Pausing ProtocolHandler ["http-nio-9090"]
01.23. 11.57.40 [RMI TCP Connection(14)-127.0.0.1] [INFO] o.a.catalina.core.StandardService - Stopping service [Tomcat]
01.23. 11.57.40 [RMI TCP Connection(14)-127.0.0.1] [INFO] o.a.c.c.C.[Tomcat].[localhost].[/] - Destroying Spring FrameworkServlet 'dispatcherServlet'
01.23. 11.57.40 [RMI TCP Connection(14)-127.0.0.1] [INFO] o.a.coyote.http11.Http11NioProtocol - Stopping ProtocolHandler ["http-nio-9090"]
01.23. 11.57.40 [RMI TCP Connection(14)-127.0.0.1] [INFO] o.a.coyote.http11.Http11NioProtocol - Destroying ProtocolHandler ["http-nio-9090"]
01.23. 11.57.40 [RMI TCP Connection(14)-127.0.0.1] [INFO] o.s.o.j.LocalContainerEntityManagerFactoryBean - Closing JPA EntityManagerFactory for persistence unit 'default'
01.23. 11.57.40 [RMI TCP Connection(14)-127.0.0.1] [INFO] com.zaxxer.hikari.HikariDataSource - HikariPool-5 - Shutdown initiated...
01.23. 11.57.40 [RMI TCP Connection(14)-127.0.0.1] [INFO] com.zaxxer.hikari.HikariDataSource - HikariPool-5 - Shutdown completed.
01.23. 11.57.54 [background-preinit] [INFO] o.h.validator.internal.util.Version - HV000001: Hibernate Validator 6.2.5.Final
01.23. 11.57.54 [restartedMain] [INFO] c.B.BlogApplication.BlogApplication - Starting BlogApplication using Java 22.0.2 on DESKTOP-KGQ4EOO with PID 12388 (D:\BlogApplication2024\BlogApplication\target\classes started by com in D:\BlogApplication2024\BlogApplication)
01.23. 11.57.54 [restartedMain] [INFO] c.B.BlogApplication.BlogApplication - No active profile set, falling back to 1 default profile: "default"
01.23. 11.57.54 [restartedMain] [INFO] o.s.b.d.e.DevToolsPropertyDefaultsPostProcessor - Devtools property defaults active! Set 'spring.devtools.add-properties' to 'false' to disable
01.23. 11.57.54 [restartedMain] [INFO] o.s.b.d.e.DevToolsPropertyDefaultsPostProcessor - For additional web related logging consider setting the 'logging.level.web' property to 'DEBUG'
01.23. 11.57.55 [restartedMain] [INFO] o.s.d.r.c.RepositoryConfigurationDelegate - Bootstrapping Spring Data JPA repositories in DEFAULT mode.
01.23. 11.57.55 [restartedMain] [INFO] o.s.d.r.c.RepositoryConfigurationDelegate - Finished Spring Data repository scanning in 118 ms. Found 3 JPA repository interfaces.
01.23. 11.57.57 [restartedMain] [INFO] o.s.b.w.e.tomcat.TomcatWebServer - Tomcat initialized with port(s): 9090 (http)
01.23. 11.57.57 [restartedMain] [INFO] o.a.coyote.http11.Http11NioProtocol - Initializing ProtocolHandler ["http-nio-9090"]
01.23. 11.57.57 [restartedMain] [INFO] o.a.catalina.core.StandardService - Starting service [Tomcat]
01.23. 11.57.57 [restartedMain] [INFO] o.a.catalina.core.StandardEngine - Starting Servlet engine: [Apache Tomcat/9.0.71]
01.23. 11.57.57 [restartedMain] [INFO] o.a.c.c.C.[Tomcat].[localhost].[/] - Initializing Spring embedded WebApplicationContext
01.23. 11.57.57 [restartedMain] [INFO] o.s.b.w.s.c.ServletWebServerApplicationContext - Root WebApplicationContext: initialization completed in 2621 ms
01.23. 11.57.57 [restartedMain] [INFO] o.h.jpa.internal.util.LogHelper - HHH000204: Processing PersistenceUnitInfo [name: default]
01.23. 11.57.57 [restartedMain] [INFO] org.hibernate.Version - HHH000412: Hibernate ORM core version 5.6.14.Final
01.23. 11.57.57 [restartedMain] [INFO] o.h.annotations.common.Version - HCANN000001: Hibernate Commons Annotations {5.1.2.Final}
01.23. 11.57.58 [restartedMain] [INFO] com.zaxxer.hikari.HikariDataSource - HikariPool-1 - Starting...
01.23. 11.57.58 [restartedMain] [INFO] com.zaxxer.hikari.HikariDataSource - HikariPool-1 - Start completed.
01.23. 11.57.58 [restartedMain] [INFO] org.hibernate.dialect.Dialect - HHH000400: Using dialect: org.hibernate.dialect.MySQL8Dialect
01.23. 11.57.59 [restartedMain] [INFO] o.h.e.t.j.p.i.JtaPlatformInitiator - HHH000490: Using JtaPlatform implementation: [org.hibernate.engine.transaction.jta.platform.internal.NoJtaPlatform]
01.23. 11.58.00 [restartedMain] [INFO] o.s.o.j.LocalContainerEntityManagerFactoryBean - Initialized JPA EntityManagerFactory for persistence unit 'default'
01.23. 11.58.01 [restartedMain] [WARN] o.s.b.a.o.j.JpaBaseConfiguration$JpaWebConfiguration - spring.jpa.open-in-view is enabled by default. Therefore, database queries may be performed during view rendering. Explicitly configure spring.jpa.open-in-view to disable this warning
01.23. 11.58.01 [restartedMain] [INFO] o.s.b.d.a.OptionalLiveReloadServer - LiveReload server is running on port 35729
01.23. 11.58.01 [restartedMain] [INFO] o.a.coyote.http11.Http11NioProtocol - Starting ProtocolHandler ["http-nio-9090"]
01.23. 11.58.01 [restartedMain] [INFO] o.s.b.w.e.tomcat.TomcatWebServer - Tomcat started on port(s): 9090 (http) with context path ''
01.23. 11.58.01 [restartedMain] [INFO] c.B.BlogApplication.BlogApplication - Started BlogApplication in 7.81 seconds (JVM running for 9.884)
01.23. 12.06.12 [File Watcher] [INFO] o.s.b.d.a.LocalDevToolsAutoConfiguration$RestartingClassPathChangeChangedEventListener - Restarting due to 1 class path change (0 additions, 0 deletions, 1 modification)
01.23. 12.06.12 [Thread-5] [INFO] o.a.coyote.http11.Http11NioProtocol - Pausing ProtocolHandler ["http-nio-9090"]
01.23. 12.06.12 [Thread-5] [INFO] o.a.catalina.core.StandardService - Stopping service [Tomcat]
01.23. 12.06.12 [Thread-5] [INFO] o.a.coyote.http11.Http11NioProtocol - Stopping ProtocolHandler ["http-nio-9090"]
01.23. 12.06.12 [Thread-5] [INFO] o.a.coyote.http11.Http11NioProtocol - Destroying ProtocolHandler ["http-nio-9090"]
01.23. 12.06.12 [Thread-5] [INFO] o.s.o.j.LocalContainerEntityManagerFactoryBean - Closing JPA EntityManagerFactory for persistence unit 'default'
01.23. 12.06.12 [Thread-5] [INFO] com.zaxxer.hikari.HikariDataSource - HikariPool-1 - Shutdown initiated...
01.23. 12.06.12 [Thread-5] [INFO] com.zaxxer.hikari.HikariDataSource - HikariPool-1 - Shutdown completed.
