2025-02-21 17:00:12.015  INFO 548 --- [restartedMain] c.B.BlogApplication.BlogApplication      : Starting BlogApplication using Java 22.0.2 on DESKTOP-KGQ4EOO with PID 548 (D:\BlogApplication2024\BlogApplication\target\classes started by com in D:\BlogApplication2024\BlogApplication)
2025-02-21 17:00:12.024  INFO 548 --- [restartedMain] c.B.BlogApplication.BlogApplication      : No active profile set, falling back to 1 default profile: "default"
2025-02-21 17:00:12.203  INFO 548 --- [restartedMain] .e.DevToolsPropertyDefaultsPostProcessor : Devtools property defaults active! Set 'spring.devtools.add-properties' to 'false' to disable
2025-02-21 17:00:12.203  INFO 548 --- [restartedMain] .e.DevToolsPropertyDefaultsPostProcessor : For additional web related logging consider setting the 'logging.level.web' property to 'DEBUG'
2025-02-21 17:00:14.223  INFO 548 --- [restartedMain] .s.d.r.c.RepositoryConfigurationDelegate : Bootstrapping Spring Data JPA repositories in DEFAULT mode.
2025-02-21 17:00:14.384  INFO 548 --- [restartedMain] .s.d.r.c.RepositoryConfigurationDelegate : Finished Spring Data repository scanning in 136 ms. Found 3 JPA repository interfaces.
2025-02-21 17:00:16.194  INFO 548 --- [restartedMain] o.s.b.w.embedded.tomcat.TomcatWebServer  : Tomcat initialized with port(s): 9090 (http)
2025-02-21 17:00:16.219  INFO 548 --- [restartedMain] o.apache.catalina.core.StandardService   : Starting service [Tomcat]
2025-02-21 17:00:16.220  INFO 548 --- [restartedMain] org.apache.catalina.core.StandardEngine  : Starting Servlet engine: [Apache Tomcat/9.0.71]
2025-02-21 17:00:16.387  INFO 548 --- [restartedMain] o.a.c.c.C.[Tomcat].[localhost].[/]       : Initializing Spring embedded WebApplicationContext
2025-02-21 17:00:16.387  INFO 548 --- [restartedMain] w.s.c.ServletWebServerApplicationContext : Root WebApplicationContext: initialization completed in 4182 ms
2025-02-21 17:00:16.704  INFO 548 --- [restartedMain] o.hibernate.jpa.internal.util.LogHelper  : HHH000204: Processing PersistenceUnitInfo [name: default]
2025-02-21 17:00:16.822  INFO 548 --- [restartedMain] org.hibernate.Version                    : HHH000412: Hibernate ORM core version 5.6.14.Final
2025-02-21 17:00:17.502  INFO 548 --- [restartedMain] o.hibernate.annotations.common.Version   : HCANN000001: Hibernate Commons Annotations {5.1.2.Final}
2025-02-21 17:00:17.796  INFO 548 --- [restartedMain] com.zaxxer.hikari.HikariDataSource       : HikariPool-1 - Starting...
2025-02-21 17:00:18.884  INFO 548 --- [restartedMain] com.zaxxer.hikari.HikariDataSource       : HikariPool-1 - Start completed.
2025-02-21 17:00:18.927  INFO 548 --- [restartedMain] org.hibernate.dialect.Dialect            : HHH000400: Using dialect: org.hibernate.dialect.MySQL8Dialect
2025-02-21 17:00:21.208  INFO 548 --- [restartedMain] o.h.e.t.j.p.i.JtaPlatformInitiator       : HHH000490: Using JtaPlatform implementation: [org.hibernate.engine.transaction.jta.platform.internal.NoJtaPlatform]
2025-02-21 17:00:21.233  INFO 548 --- [restartedMain] j.LocalContainerEntityManagerFactoryBean : Initialized JPA EntityManagerFactory for persistence unit 'default'
2025-02-21 17:00:23.033  WARN 548 --- [restartedMain] JpaBaseConfiguration$JpaWebConfiguration : spring.jpa.open-in-view is enabled by default. Therefore, database queries may be performed during view rendering. Explicitly configure spring.jpa.open-in-view to disable this warning
2025-02-21 17:00:23.756  INFO 548 --- [restartedMain] o.s.b.d.a.OptionalLiveReloadServer       : LiveReload server is running on port 35729
2025-02-21 17:00:23.838  INFO 548 --- [restartedMain] o.s.b.w.embedded.tomcat.TomcatWebServer  : Tomcat started on port(s): 9090 (http) with context path ''
2025-02-21 17:00:23.861  INFO 548 --- [restartedMain] c.B.BlogApplication.BlogApplication      : Started BlogApplication in 12.921 seconds (JVM running for 15.643)
2025-02-21 17:00:29.855  INFO 548 --- [http-nio-9090-exec-1] o.a.c.c.C.[Tomcat].[localhost].[/]       : Initializing Spring DispatcherServlet 'dispatcherServlet'
2025-02-21 17:00:29.855  INFO 548 --- [http-nio-9090-exec-1] o.s.web.servlet.DispatcherServlet        : Initializing Servlet 'dispatcherServlet'
2025-02-21 17:00:29.860  INFO 548 --- [http-nio-9090-exec-1] o.s.web.servlet.DispatcherServlet        : Completed initialization in 4 ms
2025-02-21 17:00:29.960  INFO 548 --- [http-nio-9090-exec-1] c.B.B.controller.PostController          : requesting to ge all posts by postid:{}
2025-02-21 17:00:29.960  INFO 548 --- [http-nio-9090-exec-1] c.B.B.service.impl.PostServiceImpl       : requesting to ge all posts by postid:{}
2025-02-21 17:00:30.439  INFO 548 --- [http-nio-9090-exec-1] c.B.B.service.impl.PostServiceImpl       : completed to ge all posts by postid:{}
2025-02-21 17:00:30.439  INFO 548 --- [http-nio-9090-exec-1] c.B.B.controller.PostController          : requesting to ge all posts by postid:{}
2025-02-21 17:00:37.527  INFO 548 --- [http-nio-9090-exec-3] c.B.B.controller.PostController          : requesting to ge all posts by postid:{}
2025-02-21 17:00:37.527  INFO 548 --- [http-nio-9090-exec-3] c.B.B.service.impl.PostServiceImpl       : requesting to ge all posts by postid:{}
2025-02-21 17:00:37.533  INFO 548 --- [http-nio-9090-exec-3] c.B.B.service.impl.PostServiceImpl       : completed to ge all posts by postid:{}
2025-02-21 17:00:37.534  INFO 548 --- [http-nio-9090-exec-3] c.B.B.controller.PostController          : requesting to ge all posts by postid:{}
2025-02-21 17:02:01.042  INFO 548 --- [http-nio-9090-exec-8] c.B.B.controller.PostController          : requesting to ge all posts by postid:{}
2025-02-21 17:02:01.042  INFO 548 --- [http-nio-9090-exec-8] c.B.B.service.impl.PostServiceImpl       : requesting to ge all posts by postid:{}
2025-02-21 17:02:01.285  INFO 548 --- [http-nio-9090-exec-8] c.B.B.service.impl.PostServiceImpl       : completed to ge all posts by postid:{}
2025-02-21 17:02:01.286  INFO 548 --- [http-nio-9090-exec-8] c.B.B.controller.PostController          : requesting to ge all posts by postid:{}
2025-02-21 17:02:23.028  INFO 548 --- [http-nio-9090-exec-9] c.B.B.controller.PostController          : requesting to ge all posts by postid:{}
2025-02-21 17:02:23.029  INFO 548 --- [http-nio-9090-exec-9] c.B.B.service.impl.PostServiceImpl       : requesting to ge all posts by postid:{}
2025-02-21 17:02:23.052  INFO 548 --- [http-nio-9090-exec-9] c.B.B.service.impl.PostServiceImpl       : completed to ge all posts by postid:{}
2025-02-21 17:02:23.054  INFO 548 --- [http-nio-9090-exec-9] c.B.B.controller.PostController          : requesting to ge all posts by postid:{}
2025-02-21 17:03:54.921  INFO 548 --- [http-nio-9090-exec-1] c.B.B.controller.PostController          : requesting to ge all posts by postid:{}
2025-02-21 17:03:54.921  INFO 548 --- [http-nio-9090-exec-1] c.B.B.service.impl.PostServiceImpl       : requesting to ge all posts by postid:{}
2025-02-21 17:03:54.925  INFO 548 --- [http-nio-9090-exec-1] c.B.B.service.impl.PostServiceImpl       : completed to ge all posts by postid:{}
2025-02-21 17:03:54.925  INFO 548 --- [http-nio-9090-exec-1] c.B.B.controller.PostController          : requesting to ge all posts by postid:{}
2025-02-21 17:04:01.079  INFO 548 --- [http-nio-9090-exec-3] c.B.B.controller.PostController          : requesting to ge all posts by postid:{}
2025-02-21 17:04:01.079  INFO 548 --- [http-nio-9090-exec-3] c.B.B.service.impl.PostServiceImpl       : requesting to ge all posts by postid:{}
2025-02-21 17:04:01.085  INFO 548 --- [http-nio-9090-exec-3] c.B.B.service.impl.PostServiceImpl       : completed to ge all posts by postid:{}
2025-02-21 17:04:01.085  INFO 548 --- [http-nio-9090-exec-3] c.B.B.controller.PostController          : requesting to ge all posts by postid:{}
2025-02-21 17:04:06.632  INFO 548 --- [http-nio-9090-exec-4] c.B.B.controller.PostController          : requesting to ge all posts by postid:{}
2025-02-21 17:04:06.632  INFO 548 --- [http-nio-9090-exec-4] c.B.B.service.impl.PostServiceImpl       : requesting to ge all posts by postid:{}
2025-02-21 17:04:06.641  INFO 548 --- [http-nio-9090-exec-4] c.B.B.service.impl.PostServiceImpl       : completed to ge all posts by postid:{}
2025-02-21 17:04:06.643  INFO 548 --- [http-nio-9090-exec-4] c.B.B.controller.PostController          : requesting to ge all posts by postid:{}
2025-02-21 17:04:12.656  INFO 548 --- [http-nio-9090-exec-5] c.B.B.controller.PostController          : requesting to ge all posts by postid:{}
2025-02-21 17:04:12.656  INFO 548 --- [http-nio-9090-exec-5] c.B.B.service.impl.PostServiceImpl       : requesting to ge all posts by postid:{}
2025-02-21 17:04:12.664  INFO 548 --- [http-nio-9090-exec-5] c.B.B.service.impl.PostServiceImpl       : completed to ge all posts by postid:{}
2025-02-21 17:04:12.664  INFO 548 --- [http-nio-9090-exec-5] c.B.B.controller.PostController          : requesting to ge all posts by postid:{}
2025-02-21 17:15:57.239  INFO 548 --- [File Watcher] rtingClassPathChangeChangedEventListener : Restarting due to 1 class path change (0 additions, 0 deletions, 1 modification)
2025-02-21 17:15:57.302  INFO 548 --- [Thread-5] o.apache.catalina.core.StandardService   : Stopping service [Tomcat]
2025-02-21 17:15:57.316  INFO 548 --- [Thread-5] o.a.c.c.C.[Tomcat].[localhost].[/]       : Destroying Spring FrameworkServlet 'dispatcherServlet'
2025-02-21 17:15:57.358  INFO 548 --- [Thread-5] j.LocalContainerEntityManagerFactoryBean : Closing JPA EntityManagerFactory for persistence unit 'default'
2025-02-21 17:15:57.373  INFO 548 --- [Thread-5] com.zaxxer.hikari.HikariDataSource       : HikariPool-1 - Shutdown initiated...
2025-02-21 17:15:57.431  INFO 548 --- [Thread-5] com.zaxxer.hikari.HikariDataSource       : HikariPool-1 - Shutdown completed.
2025-02-21 17:15:57.651  INFO 548 --- [restartedMain] c.B.BlogApplication.BlogApplication      : Starting BlogApplication using Java 22.0.2 on DESKTOP-KGQ4EOO with PID 548 (D:\BlogApplication2024\BlogApplication\target\classes started by com in D:\BlogApplication2024\BlogApplication)
2025-02-21 17:15:57.658  INFO 548 --- [restartedMain] c.B.BlogApplication.BlogApplication      : No active profile set, falling back to 1 default profile: "default"
2025-02-21 17:15:58.074  INFO 548 --- [restartedMain] .s.d.r.c.RepositoryConfigurationDelegate : Bootstrapping Spring Data JPA repositories in DEFAULT mode.
2025-02-21 17:15:58.095  INFO 548 --- [restartedMain] .s.d.r.c.RepositoryConfigurationDelegate : Finished Spring Data repository scanning in 20 ms. Found 3 JPA repository interfaces.
2025-02-21 17:15:58.305  INFO 548 --- [restartedMain] o.s.b.w.embedded.tomcat.TomcatWebServer  : Tomcat initialized with port(s): 9090 (http)
2025-02-21 17:15:58.308  INFO 548 --- [restartedMain] o.apache.catalina.core.StandardService   : Starting service [Tomcat]
2025-02-21 17:15:58.308  INFO 548 --- [restartedMain] org.apache.catalina.core.StandardEngine  : Starting Servlet engine: [Apache Tomcat/9.0.71]
2025-02-21 17:15:58.341  INFO 548 --- [restartedMain] o.a.c.c.C.[Tomcat].[localhost].[/]       : Initializing Spring embedded WebApplicationContext
2025-02-21 17:15:58.341  INFO 548 --- [restartedMain] w.s.c.ServletWebServerApplicationContext : Root WebApplicationContext: initialization completed in 680 ms
2025-02-21 17:15:58.489  INFO 548 --- [restartedMain] o.hibernate.jpa.internal.util.LogHelper  : HHH000204: Processing PersistenceUnitInfo [name: default]
2025-02-21 17:15:58.500  INFO 548 --- [restartedMain] com.zaxxer.hikari.HikariDataSource       : HikariPool-2 - Starting...
2025-02-21 17:15:58.550  INFO 548 --- [restartedMain] com.zaxxer.hikari.HikariDataSource       : HikariPool-2 - Start completed.
2025-02-21 17:15:58.551  INFO 548 --- [restartedMain] org.hibernate.dialect.Dialect            : HHH000400: Using dialect: org.hibernate.dialect.MySQL8Dialect
2025-02-21 17:15:58.856  INFO 548 --- [restartedMain] o.h.e.t.j.p.i.JtaPlatformInitiator       : HHH000490: Using JtaPlatform implementation: [org.hibernate.engine.transaction.jta.platform.internal.NoJtaPlatform]
2025-02-21 17:15:58.862  INFO 548 --- [restartedMain] j.LocalContainerEntityManagerFactoryBean : Initialized JPA EntityManagerFactory for persistence unit 'default'
2025-02-21 17:15:59.197  WARN 548 --- [restartedMain] JpaBaseConfiguration$JpaWebConfiguration : spring.jpa.open-in-view is enabled by default. Therefore, database queries may be performed during view rendering. Explicitly configure spring.jpa.open-in-view to disable this warning
2025-02-21 17:15:59.392  INFO 548 --- [restartedMain] o.s.b.d.a.OptionalLiveReloadServer       : LiveReload server is running on port 35729
2025-02-21 17:15:59.428  INFO 548 --- [restartedMain] o.s.b.w.embedded.tomcat.TomcatWebServer  : Tomcat started on port(s): 9090 (http) with context path ''
2025-02-21 17:15:59.450  INFO 548 --- [restartedMain] c.B.BlogApplication.BlogApplication      : Started BlogApplication in 1.899 seconds (JVM running for 951.231)
2025-02-21 17:15:59.456  INFO 548 --- [restartedMain] .ConditionEvaluationDeltaLoggingListener : Condition evaluation unchanged
2025-02-21 17:16:56.602  INFO 548 --- [File Watcher] rtingClassPathChangeChangedEventListener : Restarting due to 1 class path change (0 additions, 0 deletions, 1 modification)
2025-02-21 17:16:56.647  INFO 548 --- [Thread-7] o.apache.catalina.core.StandardService   : Stopping service [Tomcat]
2025-02-21 17:16:56.657  INFO 548 --- [Thread-7] j.LocalContainerEntityManagerFactoryBean : Closing JPA EntityManagerFactory for persistence unit 'default'
2025-02-21 17:16:56.658  INFO 548 --- [Thread-7] com.zaxxer.hikari.HikariDataSource       : HikariPool-2 - Shutdown initiated...
2025-02-21 17:16:56.708  INFO 548 --- [Thread-7] com.zaxxer.hikari.HikariDataSource       : HikariPool-2 - Shutdown completed.
2025-02-21 17:16:56.915  INFO 548 --- [restartedMain] c.B.BlogApplication.BlogApplication      : Starting BlogApplication using Java 22.0.2 on DESKTOP-KGQ4EOO with PID 548 (D:\BlogApplication2024\BlogApplication\target\classes started by com in D:\BlogApplication2024\BlogApplication)
2025-02-21 17:16:56.915  INFO 548 --- [restartedMain] c.B.BlogApplication.BlogApplication      : No active profile set, falling back to 1 default profile: "default"
2025-02-21 17:16:57.397  INFO 548 --- [restartedMain] .s.d.r.c.RepositoryConfigurationDelegate : Bootstrapping Spring Data JPA repositories in DEFAULT mode.
2025-02-21 17:16:57.436  INFO 548 --- [restartedMain] .s.d.r.c.RepositoryConfigurationDelegate : Finished Spring Data repository scanning in 37 ms. Found 3 JPA repository interfaces.
2025-02-21 17:16:57.683  INFO 548 --- [restartedMain] o.s.b.w.embedded.tomcat.TomcatWebServer  : Tomcat initialized with port(s): 9090 (http)
2025-02-21 17:16:57.685  INFO 548 --- [restartedMain] o.apache.catalina.core.StandardService   : Starting service [Tomcat]
2025-02-21 17:16:57.686  INFO 548 --- [restartedMain] org.apache.catalina.core.StandardEngine  : Starting Servlet engine: [Apache Tomcat/9.0.71]
2025-02-21 17:16:57.734  INFO 548 --- [restartedMain] o.a.c.c.C.[Tomcat].[localhost].[/]       : Initializing Spring embedded WebApplicationContext
2025-02-21 17:16:57.735  INFO 548 --- [restartedMain] w.s.c.ServletWebServerApplicationContext : Root WebApplicationContext: initialization completed in 815 ms
2025-02-21 17:16:57.828  INFO 548 --- [restartedMain] o.hibernate.jpa.internal.util.LogHelper  : HHH000204: Processing PersistenceUnitInfo [name: default]
2025-02-21 17:16:57.840  INFO 548 --- [restartedMain] com.zaxxer.hikari.HikariDataSource       : HikariPool-3 - Starting...
2025-02-21 17:16:57.872  INFO 548 --- [restartedMain] com.zaxxer.hikari.HikariDataSource       : HikariPool-3 - Start completed.
2025-02-21 17:16:57.873  INFO 548 --- [restartedMain] org.hibernate.dialect.Dialect            : HHH000400: Using dialect: org.hibernate.dialect.MySQL8Dialect
2025-02-21 17:16:58.166  INFO 548 --- [restartedMain] o.h.e.t.j.p.i.JtaPlatformInitiator       : HHH000490: Using JtaPlatform implementation: [org.hibernate.engine.transaction.jta.platform.internal.NoJtaPlatform]
2025-02-21 17:16:58.168  INFO 548 --- [restartedMain] j.LocalContainerEntityManagerFactoryBean : Initialized JPA EntityManagerFactory for persistence unit 'default'
2025-02-21 17:16:58.590  WARN 548 --- [restartedMain] JpaBaseConfiguration$JpaWebConfiguration : spring.jpa.open-in-view is enabled by default. Therefore, database queries may be performed during view rendering. Explicitly configure spring.jpa.open-in-view to disable this warning
2025-02-21 17:16:58.767  INFO 548 --- [restartedMain] o.s.b.d.a.OptionalLiveReloadServer       : LiveReload server is running on port 35729
2025-02-21 17:16:58.791  INFO 548 --- [restartedMain] o.s.b.w.embedded.tomcat.TomcatWebServer  : Tomcat started on port(s): 9090 (http) with context path ''
2025-02-21 17:16:58.821  INFO 548 --- [restartedMain] c.B.BlogApplication.BlogApplication      : Started BlogApplication in 2.006 seconds (JVM running for 1010.602)
2025-02-21 17:16:58.830  INFO 548 --- [restartedMain] .ConditionEvaluationDeltaLoggingListener : Condition evaluation unchanged
2025-02-21 17:17:00.213  INFO 9844 --- [restartedMain] c.B.BlogApplication.BlogApplication      : Starting BlogApplication using Java 22.0.2 on DESKTOP-KGQ4EOO with PID 9844 (D:\BlogApplication2024\BlogApplication\target\classes started by com in D:\BlogApplication2024\BlogApplication)
2025-02-21 17:17:00.223  INFO 9844 --- [restartedMain] c.B.BlogApplication.BlogApplication      : No active profile set, falling back to 1 default profile: "default"
2025-02-21 17:17:00.350  INFO 9844 --- [restartedMain] .e.DevToolsPropertyDefaultsPostProcessor : Devtools property defaults active! Set 'spring.devtools.add-properties' to 'false' to disable
2025-02-21 17:17:00.351  INFO 9844 --- [restartedMain] .e.DevToolsPropertyDefaultsPostProcessor : For additional web related logging consider setting the 'logging.level.web' property to 'DEBUG'
2025-02-21 17:17:01.531  INFO 9844 --- [restartedMain] .s.d.r.c.RepositoryConfigurationDelegate : Bootstrapping Spring Data JPA repositories in DEFAULT mode.
2025-02-21 17:17:01.664  INFO 9844 --- [restartedMain] .s.d.r.c.RepositoryConfigurationDelegate : Finished Spring Data repository scanning in 116 ms. Found 3 JPA repository interfaces.
2025-02-21 17:17:02.675  INFO 9844 --- [restartedMain] o.s.b.w.embedded.tomcat.TomcatWebServer  : Tomcat initialized with port(s): 9090 (http)
2025-02-21 17:17:02.700  INFO 9844 --- [restartedMain] o.apache.catalina.core.StandardService   : Starting service [Tomcat]
2025-02-21 17:17:02.700  INFO 9844 --- [restartedMain] org.apache.catalina.core.StandardEngine  : Starting Servlet engine: [Apache Tomcat/9.0.71]
2025-02-21 17:17:02.968  INFO 9844 --- [restartedMain] o.a.c.c.C.[Tomcat].[localhost].[/]       : Initializing Spring embedded WebApplicationContext
2025-02-21 17:17:02.969  INFO 9844 --- [restartedMain] w.s.c.ServletWebServerApplicationContext : Root WebApplicationContext: initialization completed in 2616 ms
2025-02-21 17:17:03.198  INFO 9844 --- [restartedMain] o.hibernate.jpa.internal.util.LogHelper  : HHH000204: Processing PersistenceUnitInfo [name: default]
2025-02-21 17:17:03.310  INFO 9844 --- [restartedMain] org.hibernate.Version                    : HHH000412: Hibernate ORM core version 5.6.14.Final
2025-02-21 17:17:03.670  INFO 9844 --- [restartedMain] o.hibernate.annotations.common.Version   : HCANN000001: Hibernate Commons Annotations {5.1.2.Final}
2025-02-21 17:17:03.824  INFO 9844 --- [restartedMain] com.zaxxer.hikari.HikariDataSource       : HikariPool-1 - Starting...
2025-02-21 17:17:04.484  INFO 9844 --- [restartedMain] com.zaxxer.hikari.HikariDataSource       : HikariPool-1 - Start completed.
2025-02-21 17:17:04.519  INFO 9844 --- [restartedMain] org.hibernate.dialect.Dialect            : HHH000400: Using dialect: org.hibernate.dialect.MySQL8Dialect
2025-02-21 17:17:05.776  INFO 9844 --- [restartedMain] o.h.e.t.j.p.i.JtaPlatformInitiator       : HHH000490: Using JtaPlatform implementation: [org.hibernate.engine.transaction.jta.platform.internal.NoJtaPlatform]
2025-02-21 17:17:05.789  INFO 9844 --- [restartedMain] j.LocalContainerEntityManagerFactoryBean : Initialized JPA EntityManagerFactory for persistence unit 'default'
2025-02-21 17:17:06.969  WARN 9844 --- [restartedMain] JpaBaseConfiguration$JpaWebConfiguration : spring.jpa.open-in-view is enabled by default. Therefore, database queries may be performed during view rendering. Explicitly configure spring.jpa.open-in-view to disable this warning
2025-02-21 17:17:07.539  WARN 9844 --- [restartedMain] o.s.b.d.a.OptionalLiveReloadServer       : Unable to start LiveReload server
2025-02-21 17:17:07.588  WARN 9844 --- [restartedMain] ConfigServletWebServerApplicationContext : Exception encountered during context initialization - cancelling refresh attempt: org.springframework.context.ApplicationContextException: Failed to start bean 'webServerStartStop'; nested exception is org.springframework.boot.web.server.PortInUseException: Port 9090 is already in use
2025-02-21 17:17:07.598  INFO 9844 --- [restartedMain] j.LocalContainerEntityManagerFactoryBean : Closing JPA EntityManagerFactory for persistence unit 'default'
2025-02-21 17:17:07.605  INFO 9844 --- [restartedMain] com.zaxxer.hikari.HikariDataSource       : HikariPool-1 - Shutdown initiated...
2025-02-21 17:17:07.624  INFO 9844 --- [restartedMain] com.zaxxer.hikari.HikariDataSource       : HikariPool-1 - Shutdown completed.
2025-02-21 17:17:07.629  INFO 9844 --- [restartedMain] o.apache.catalina.core.StandardService   : Stopping service [Tomcat]
2025-02-21 17:17:07.662  INFO 9844 --- [restartedMain] ConditionEvaluationReportLoggingListener : 

Error starting ApplicationContext. To display the conditions report re-run your application with 'debug' enabled.
2025-02-21 17:17:07.734 ERROR 9844 --- [restartedMain] o.s.b.d.LoggingFailureAnalysisReporter   : 

***************************
APPLICATION FAILED TO START
***************************

Description:

Web server failed to start. Port 9090 was already in use.

Action:

Identify and stop the process that's listening on port 9090 or configure this application to listen on another port.

2025-02-21 17:17:19.187  INFO 548 --- [RMI TCP Connection(30)-127.0.0.1] inMXBeanRegistrar$SpringApplicationAdmin : Application shutdown requested.
2025-02-21 17:17:19.192  INFO 548 --- [RMI TCP Connection(30)-127.0.0.1] o.apache.catalina.core.StandardService   : Stopping service [Tomcat]
2025-02-21 17:17:19.200  INFO 548 --- [RMI TCP Connection(30)-127.0.0.1] j.LocalContainerEntityManagerFactoryBean : Closing JPA EntityManagerFactory for persistence unit 'default'
2025-02-21 17:17:19.200  INFO 548 --- [RMI TCP Connection(30)-127.0.0.1] com.zaxxer.hikari.HikariDataSource       : HikariPool-3 - Shutdown initiated...
2025-02-21 17:17:19.212  INFO 548 --- [RMI TCP Connection(30)-127.0.0.1] com.zaxxer.hikari.HikariDataSource       : HikariPool-3 - Shutdown completed.
2025-02-21 17:17:33.934  INFO 11148 --- [restartedMain] c.B.BlogApplication.BlogApplication      : Starting BlogApplication using Java 22.0.2 on DESKTOP-KGQ4EOO with PID 11148 (D:\BlogApplication2024\BlogApplication\target\classes started by com in D:\BlogApplication2024\BlogApplication)
2025-02-21 17:17:33.940  INFO 11148 --- [restartedMain] c.B.BlogApplication.BlogApplication      : No active profile set, falling back to 1 default profile: "default"
2025-02-21 17:17:34.102  INFO 11148 --- [restartedMain] .e.DevToolsPropertyDefaultsPostProcessor : Devtools property defaults active! Set 'spring.devtools.add-properties' to 'false' to disable
2025-02-21 17:17:34.102  INFO 11148 --- [restartedMain] .e.DevToolsPropertyDefaultsPostProcessor : For additional web related logging consider setting the 'logging.level.web' property to 'DEBUG'
2025-02-21 17:17:35.264  INFO 11148 --- [restartedMain] .s.d.r.c.RepositoryConfigurationDelegate : Bootstrapping Spring Data JPA repositories in DEFAULT mode.
2025-02-21 17:17:35.362  INFO 11148 --- [restartedMain] .s.d.r.c.RepositoryConfigurationDelegate : Finished Spring Data repository scanning in 81 ms. Found 3 JPA repository interfaces.
2025-02-21 17:17:36.235  INFO 11148 --- [restartedMain] o.s.b.w.embedded.tomcat.TomcatWebServer  : Tomcat initialized with port(s): 9090 (http)
2025-02-21 17:17:36.248  INFO 11148 --- [restartedMain] o.apache.catalina.core.StandardService   : Starting service [Tomcat]
2025-02-21 17:17:36.249  INFO 11148 --- [restartedMain] org.apache.catalina.core.StandardEngine  : Starting Servlet engine: [Apache Tomcat/9.0.71]
2025-02-21 17:17:36.404  INFO 11148 --- [restartedMain] o.a.c.c.C.[Tomcat].[localhost].[/]       : Initializing Spring embedded WebApplicationContext
2025-02-21 17:17:36.405  INFO 11148 --- [restartedMain] w.s.c.ServletWebServerApplicationContext : Root WebApplicationContext: initialization completed in 2302 ms
2025-02-21 17:17:36.603  INFO 11148 --- [restartedMain] o.hibernate.jpa.internal.util.LogHelper  : HHH000204: Processing PersistenceUnitInfo [name: default]
2025-02-21 17:17:36.669  INFO 11148 --- [restartedMain] org.hibernate.Version                    : HHH000412: Hibernate ORM core version 5.6.14.Final
2025-02-21 17:17:36.850  INFO 11148 --- [restartedMain] o.hibernate.annotations.common.Version   : HCANN000001: Hibernate Commons Annotations {5.1.2.Final}
2025-02-21 17:17:36.966  INFO 11148 --- [restartedMain] com.zaxxer.hikari.HikariDataSource       : HikariPool-1 - Starting...
2025-02-21 17:17:37.418  INFO 11148 --- [restartedMain] com.zaxxer.hikari.HikariDataSource       : HikariPool-1 - Start completed.
2025-02-21 17:17:37.438  INFO 11148 --- [restartedMain] org.hibernate.dialect.Dialect            : HHH000400: Using dialect: org.hibernate.dialect.MySQL8Dialect
2025-02-21 17:17:38.287  INFO 11148 --- [restartedMain] o.h.e.t.j.p.i.JtaPlatformInitiator       : HHH000490: Using JtaPlatform implementation: [org.hibernate.engine.transaction.jta.platform.internal.NoJtaPlatform]
2025-02-21 17:17:38.296  INFO 11148 --- [restartedMain] j.LocalContainerEntityManagerFactoryBean : Initialized JPA EntityManagerFactory for persistence unit 'default'
2025-02-21 17:17:38.979  WARN 11148 --- [restartedMain] JpaBaseConfiguration$JpaWebConfiguration : spring.jpa.open-in-view is enabled by default. Therefore, database queries may be performed during view rendering. Explicitly configure spring.jpa.open-in-view to disable this warning
2025-02-21 17:17:39.341  INFO 11148 --- [restartedMain] o.s.b.d.a.OptionalLiveReloadServer       : LiveReload server is running on port 35729
2025-02-21 17:17:39.390  INFO 11148 --- [restartedMain] o.s.b.w.embedded.tomcat.TomcatWebServer  : Tomcat started on port(s): 9090 (http) with context path ''
2025-02-21 17:17:39.401  INFO 11148 --- [restartedMain] c.B.BlogApplication.BlogApplication      : Started BlogApplication in 6.941 seconds (JVM running for 7.977)
2025-02-21 17:18:00.889  INFO 11148 --- [http-nio-9090-exec-1] o.a.c.c.C.[Tomcat].[localhost].[/]       : Initializing Spring DispatcherServlet 'dispatcherServlet'
2025-02-21 17:18:00.889  INFO 11148 --- [http-nio-9090-exec-1] o.s.web.servlet.DispatcherServlet        : Initializing Servlet 'dispatcherServlet'
2025-02-21 17:18:00.890  INFO 11148 --- [http-nio-9090-exec-1] o.s.web.servlet.DispatcherServlet        : Completed initialization in 1 ms
2025-02-21 17:18:00.958  INFO 11148 --- [http-nio-9090-exec-1] c.B.B.controller.PostController          : requesting to ge all posts by postid:{}
2025-02-21 17:18:00.958  INFO 11148 --- [http-nio-9090-exec-1] c.B.B.service.impl.PostServiceImpl       : requesting to ge all posts by postid:{}
2025-02-21 17:18:01.016  INFO 11148 --- [http-nio-9090-exec-1] c.B.B.service.impl.PostServiceImpl       : completed to ge all posts by postid:{}
2025-02-21 17:18:01.016  INFO 11148 --- [http-nio-9090-exec-1] c.B.B.controller.PostController          : requesting to ge all posts by postid:{}
2025-02-21 17:18:26.373  INFO 11148 --- [http-nio-9090-exec-3] c.B.B.controller.PostController          : requesting to ge all posts by postid:{}
2025-02-21 17:18:26.374  INFO 11148 --- [http-nio-9090-exec-3] c.B.B.service.impl.PostServiceImpl       : requesting to ge all posts by postid:{}
2025-02-21 17:18:26.379  INFO 11148 --- [http-nio-9090-exec-3] c.B.B.service.impl.PostServiceImpl       : completed to ge all posts by postid:{}
2025-02-21 17:18:26.379  INFO 11148 --- [http-nio-9090-exec-3] c.B.B.controller.PostController          : requesting to ge all posts by postid:{}
2025-02-21 17:18:28.366  INFO 11148 --- [http-nio-9090-exec-4] c.B.B.controller.PostController          : requesting to ge all posts by postid:{}
2025-02-21 17:18:28.366  INFO 11148 --- [http-nio-9090-exec-4] c.B.B.service.impl.PostServiceImpl       : requesting to ge all posts by postid:{}
2025-02-21 17:18:28.369  INFO 11148 --- [http-nio-9090-exec-4] c.B.B.service.impl.PostServiceImpl       : completed to ge all posts by postid:{}
2025-02-21 17:18:28.370  INFO 11148 --- [http-nio-9090-exec-4] c.B.B.controller.PostController          : requesting to ge all posts by postid:{}
2025-02-21 17:18:36.328  INFO 11148 --- [http-nio-9090-exec-5] c.B.B.controller.PostController          : requesting to ge all posts by postid:{}
2025-02-21 17:18:36.329  INFO 11148 --- [http-nio-9090-exec-5] c.B.B.service.impl.PostServiceImpl       : requesting to ge all posts by postid:{}
2025-02-21 17:18:36.338  INFO 11148 --- [http-nio-9090-exec-5] c.B.B.service.impl.PostServiceImpl       : completed to ge all posts by postid:{}
2025-02-21 17:18:36.339  INFO 11148 --- [http-nio-9090-exec-5] c.B.B.controller.PostController          : requesting to ge all posts by postid:{}
2025-02-21 17:18:48.319  INFO 11148 --- [http-nio-9090-exec-6] c.B.B.controller.PostController          : requesting to ge all posts by postid:{}
2025-02-21 17:18:48.320  INFO 11148 --- [http-nio-9090-exec-6] c.B.B.service.impl.PostServiceImpl       : requesting to ge all posts by postid:{}
2025-02-21 17:18:48.326  INFO 11148 --- [http-nio-9090-exec-6] c.B.B.service.impl.PostServiceImpl       : completed to ge all posts by postid:{}
2025-02-21 17:18:48.327  INFO 11148 --- [http-nio-9090-exec-6] c.B.B.controller.PostController          : requesting to ge all posts by postid:{}
2025-02-21 17:19:55.210  INFO 11148 --- [http-nio-9090-exec-9] c.B.B.controller.PostController          : requesting to ge all posts by postid:{}
2025-02-21 17:19:55.210  INFO 11148 --- [http-nio-9090-exec-9] c.B.B.service.impl.PostServiceImpl       : requesting to ge all posts by postid:{}
2025-02-21 17:19:55.212  INFO 11148 --- [http-nio-9090-exec-9] c.B.B.service.impl.PostServiceImpl       : completed to ge all posts by postid:{}
2025-02-21 17:19:55.212  INFO 11148 --- [http-nio-9090-exec-9] c.B.B.controller.PostController          : requesting to ge all posts by postid:{}
2025-02-21 17:20:13.479  INFO 11148 --- [http-nio-9090-exec-10] c.B.B.controller.PostController          : requesting to ge all posts by postid:{}
2025-02-21 17:20:13.480  INFO 11148 --- [http-nio-9090-exec-10] c.B.B.service.impl.PostServiceImpl       : requesting to ge all posts by postid:{}
2025-02-21 17:20:13.484  INFO 11148 --- [http-nio-9090-exec-10] c.B.B.service.impl.PostServiceImpl       : completed to ge all posts by postid:{}
2025-02-21 17:20:13.485  INFO 11148 --- [http-nio-9090-exec-10] c.B.B.controller.PostController          : requesting to ge all posts by postid:{}
2025-02-21 17:20:23.525  INFO 11148 --- [http-nio-9090-exec-2] c.B.B.controller.PostController          : requesting to ge all posts by postid:{}
2025-02-21 17:20:23.526  INFO 11148 --- [http-nio-9090-exec-2] c.B.B.service.impl.PostServiceImpl       : requesting to ge all posts by postid:{}
2025-02-21 17:20:23.534  INFO 11148 --- [http-nio-9090-exec-2] c.B.B.service.impl.PostServiceImpl       : completed to ge all posts by postid:{}
2025-02-21 17:20:23.534  INFO 11148 --- [http-nio-9090-exec-2] c.B.B.controller.PostController          : requesting to ge all posts by postid:{}
2025-02-21 17:21:00.489  INFO 11148 --- [http-nio-9090-exec-1] c.B.B.controller.PostController          : requesting to ge all posts by postid:{}
2025-02-21 17:21:00.490  INFO 11148 --- [http-nio-9090-exec-1] c.B.B.service.impl.PostServiceImpl       : requesting to ge all posts by postid:{}
2025-02-21 17:21:00.496  INFO 11148 --- [http-nio-9090-exec-1] c.B.B.service.impl.PostServiceImpl       : completed to ge all posts by postid:{}
2025-02-21 17:21:00.496  INFO 11148 --- [http-nio-9090-exec-1] c.B.B.controller.PostController          : requesting to ge all posts by postid:{}
2025-02-21 17:21:21.375  INFO 11148 --- [http-nio-9090-exec-3] c.B.B.controller.PostController          : requesting to ge all posts by postid:{}
2025-02-21 17:21:21.375  INFO 11148 --- [http-nio-9090-exec-3] c.B.B.service.impl.PostServiceImpl       : requesting to ge all posts by postid:{}
2025-02-21 17:21:21.379  INFO 11148 --- [http-nio-9090-exec-3] c.B.B.service.impl.PostServiceImpl       : completed to ge all posts by postid:{}
2025-02-21 17:21:21.379  INFO 11148 --- [http-nio-9090-exec-3] c.B.B.controller.PostController          : requesting to ge all posts by postid:{}
2025-02-21 17:22:09.903  INFO 11148 --- [File Watcher] rtingClassPathChangeChangedEventListener : Restarting due to 1 class path change (0 additions, 0 deletions, 1 modification)
2025-02-21 17:22:09.925  INFO 11148 --- [Thread-5] o.apache.catalina.core.StandardService   : Stopping service [Tomcat]
2025-02-21 17:22:09.930  INFO 11148 --- [Thread-5] o.a.c.c.C.[Tomcat].[localhost].[/]       : Destroying Spring FrameworkServlet 'dispatcherServlet'
2025-02-21 17:22:09.980  INFO 11148 --- [Thread-5] j.LocalContainerEntityManagerFactoryBean : Closing JPA EntityManagerFactory for persistence unit 'default'
2025-02-21 17:22:09.990  INFO 11148 --- [Thread-5] com.zaxxer.hikari.HikariDataSource       : HikariPool-1 - Shutdown initiated...
2025-02-21 17:22:10.032  INFO 11148 --- [Thread-5] com.zaxxer.hikari.HikariDataSource       : HikariPool-1 - Shutdown completed.
2025-02-21 17:22:10.214  INFO 11148 --- [restartedMain] c.B.BlogApplication.BlogApplication      : Starting BlogApplication using Java 22.0.2 on DESKTOP-KGQ4EOO with PID 11148 (D:\BlogApplication2024\BlogApplication\target\classes started by com in D:\BlogApplication2024\BlogApplication)
2025-02-21 17:22:10.215  INFO 11148 --- [restartedMain] c.B.BlogApplication.BlogApplication      : No active profile set, falling back to 1 default profile: "default"
2025-02-21 17:22:10.511  INFO 11148 --- [restartedMain] .s.d.r.c.RepositoryConfigurationDelegate : Bootstrapping Spring Data JPA repositories in DEFAULT mode.
2025-02-21 17:22:10.530  INFO 11148 --- [restartedMain] .s.d.r.c.RepositoryConfigurationDelegate : Finished Spring Data repository scanning in 18 ms. Found 3 JPA repository interfaces.
2025-02-21 17:22:10.759  INFO 11148 --- [restartedMain] o.s.b.w.embedded.tomcat.TomcatWebServer  : Tomcat initialized with port(s): 9090 (http)
2025-02-21 17:22:10.761  INFO 11148 --- [restartedMain] o.apache.catalina.core.StandardService   : Starting service [Tomcat]
2025-02-21 17:22:10.761  INFO 11148 --- [restartedMain] org.apache.catalina.core.StandardEngine  : Starting Servlet engine: [Apache Tomcat/9.0.71]
2025-02-21 17:22:10.790  INFO 11148 --- [restartedMain] o.a.c.c.C.[Tomcat].[localhost].[/]       : Initializing Spring embedded WebApplicationContext
2025-02-21 17:22:10.790  INFO 11148 --- [restartedMain] w.s.c.ServletWebServerApplicationContext : Root WebApplicationContext: initialization completed in 571 ms
2025-02-21 17:22:10.853  INFO 11148 --- [restartedMain] o.hibernate.jpa.internal.util.LogHelper  : HHH000204: Processing PersistenceUnitInfo [name: default]
2025-02-21 17:22:10.862  INFO 11148 --- [restartedMain] com.zaxxer.hikari.HikariDataSource       : HikariPool-2 - Starting...
2025-02-21 17:22:10.899  INFO 11148 --- [restartedMain] com.zaxxer.hikari.HikariDataSource       : HikariPool-2 - Start completed.
2025-02-21 17:22:10.900  INFO 11148 --- [restartedMain] org.hibernate.dialect.Dialect            : HHH000400: Using dialect: org.hibernate.dialect.MySQL8Dialect
2025-02-21 17:22:11.095  INFO 11148 --- [restartedMain] o.h.e.t.j.p.i.JtaPlatformInitiator       : HHH000490: Using JtaPlatform implementation: [org.hibernate.engine.transaction.jta.platform.internal.NoJtaPlatform]
2025-02-21 17:22:11.096  INFO 11148 --- [restartedMain] j.LocalContainerEntityManagerFactoryBean : Initialized JPA EntityManagerFactory for persistence unit 'default'
2025-02-21 17:22:11.399  WARN 11148 --- [restartedMain] JpaBaseConfiguration$JpaWebConfiguration : spring.jpa.open-in-view is enabled by default. Therefore, database queries may be performed during view rendering. Explicitly configure spring.jpa.open-in-view to disable this warning
2025-02-21 17:22:11.584  INFO 11148 --- [restartedMain] o.s.b.d.a.OptionalLiveReloadServer       : LiveReload server is running on port 35729
2025-02-21 17:22:11.611  INFO 11148 --- [restartedMain] o.s.b.w.embedded.tomcat.TomcatWebServer  : Tomcat started on port(s): 9090 (http) with context path ''
2025-02-21 17:22:11.631  INFO 11148 --- [restartedMain] c.B.BlogApplication.BlogApplication      : Started BlogApplication in 1.486 seconds (JVM running for 280.208)
2025-02-21 17:22:11.643  INFO 11148 --- [restartedMain] .ConditionEvaluationDeltaLoggingListener : Condition evaluation unchanged
2025-02-21 17:22:41.855  INFO 11148 --- [http-nio-9090-exec-2] o.a.c.c.C.[Tomcat].[localhost].[/]       : Initializing Spring DispatcherServlet 'dispatcherServlet'
2025-02-21 17:22:41.855  INFO 11148 --- [http-nio-9090-exec-2] o.s.web.servlet.DispatcherServlet        : Initializing Servlet 'dispatcherServlet'
2025-02-21 17:22:41.860  INFO 11148 --- [http-nio-9090-exec-2] o.s.web.servlet.DispatcherServlet        : Completed initialization in 4 ms
2025-02-21 17:22:41.866  INFO 11148 --- [http-nio-9090-exec-2] c.B.B.controller.PostController          : requesting to ge all posts by postid:{}
2025-02-21 17:22:41.866  INFO 11148 --- [http-nio-9090-exec-2] c.B.B.service.impl.PostServiceImpl       : requesting to ge all posts by postid:{}
2025-02-21 17:22:41.884  INFO 11148 --- [http-nio-9090-exec-2] c.B.B.service.impl.PostServiceImpl       : completed to ge all posts by postid:{}
2025-02-21 17:22:41.884  INFO 11148 --- [http-nio-9090-exec-2] c.B.B.controller.PostController          : requesting to ge all posts by postid:{}
2025-02-21 17:22:51.292  INFO 11148 --- [http-nio-9090-exec-3] c.B.B.controller.PostController          : requesting to ge all posts by postid:{}
2025-02-21 17:22:51.292  INFO 11148 --- [http-nio-9090-exec-3] c.B.B.service.impl.PostServiceImpl       : requesting to ge all posts by postid:{}
2025-02-21 17:22:51.298  INFO 11148 --- [http-nio-9090-exec-3] c.B.B.service.impl.PostServiceImpl       : completed to ge all posts by postid:{}
2025-02-21 17:22:51.299  INFO 11148 --- [http-nio-9090-exec-3] c.B.B.controller.PostController          : requesting to ge all posts by postid:{}
2025-02-21 17:23:31.211  INFO 11148 --- [http-nio-9090-exec-4] c.B.B.controller.PostController          : requesting to ge all posts by postid:{}
2025-02-21 17:23:31.213  INFO 11148 --- [http-nio-9090-exec-4] c.B.B.service.impl.PostServiceImpl       : requesting to ge all posts by postid:{}
2025-02-21 17:23:31.217  INFO 11148 --- [http-nio-9090-exec-4] c.B.B.service.impl.PostServiceImpl       : completed to ge all posts by postid:{}
2025-02-21 17:23:31.217  INFO 11148 --- [http-nio-9090-exec-4] c.B.B.controller.PostController          : requesting to ge all posts by postid:{}
2025-02-21 17:24:00.664  WARN 11148 --- [http-nio-9090-exec-5] .w.s.m.s.DefaultHandlerExceptionResolver : Resolved [org.springframework.web.method.annotation.MethodArgumentTypeMismatchException: Failed to convert value of type 'java.lang.String' to required type 'java.lang.Integer'; nested exception is java.lang.NumberFormatException: For input string: "search"]
2025-02-21 17:24:09.361  INFO 11148 --- [http-nio-9090-exec-7] c.B.B.controller.PostController          : requesting to ge all posts by postid:{}
2025-02-21 17:24:09.361  INFO 11148 --- [http-nio-9090-exec-7] c.B.B.service.impl.PostServiceImpl       : requesting to ge all posts by postid:{}
2025-02-21 17:24:09.366  INFO 11148 --- [http-nio-9090-exec-7] c.B.B.service.impl.PostServiceImpl       : completed to ge all posts by postid:{}
2025-02-21 17:24:09.367  INFO 11148 --- [http-nio-9090-exec-7] c.B.B.controller.PostController          : requesting to ge all posts by postid:{}
2025-02-21 17:24:18.092  INFO 11148 --- [http-nio-9090-exec-8] c.B.B.controller.PostController          : requesting to ge all posts by postid:{}
2025-02-21 17:24:18.092  INFO 11148 --- [http-nio-9090-exec-8] c.B.B.service.impl.PostServiceImpl       : requesting to ge all posts by postid:{}
2025-02-21 17:24:18.097  INFO 11148 --- [http-nio-9090-exec-8] c.B.B.service.impl.PostServiceImpl       : completed to ge all posts by postid:{}
2025-02-21 17:24:18.097  INFO 11148 --- [http-nio-9090-exec-8] c.B.B.controller.PostController          : requesting to ge all posts by postid:{}
2025-02-21 17:24:45.313  INFO 11148 --- [http-nio-9090-exec-9] c.B.B.controller.PostController          : requesting to ge all posts by postid:{}
2025-02-21 17:24:45.313  INFO 11148 --- [http-nio-9090-exec-9] c.B.B.service.impl.PostServiceImpl       : requesting to ge all posts by postid:{}
2025-02-21 17:24:45.314  INFO 11148 --- [http-nio-9090-exec-9] c.B.B.service.impl.PostServiceImpl       : completed to ge all posts by postid:{}
2025-02-21 17:24:45.318  INFO 11148 --- [http-nio-9090-exec-9] c.B.B.controller.PostController          : requesting to ge all posts by postid:{}
2025-02-21 17:25:04.639  INFO 11148 --- [http-nio-9090-exec-10] c.B.B.controller.PostController          : requesting to ge all posts by postid:{}
2025-02-21 17:25:04.641  INFO 11148 --- [http-nio-9090-exec-10] c.B.B.service.impl.PostServiceImpl       : requesting to ge all posts by postid:{}
2025-02-21 17:25:04.643  INFO 11148 --- [http-nio-9090-exec-10] c.B.B.service.impl.PostServiceImpl       : completed to ge all posts by postid:{}
2025-02-21 17:25:04.646  INFO 11148 --- [http-nio-9090-exec-10] c.B.B.controller.PostController          : requesting to ge all posts by postid:{}
2025-02-21 17:25:14.409  INFO 11148 --- [RMI TCP Connection(21)-127.0.0.1] inMXBeanRegistrar$SpringApplicationAdmin : Application shutdown requested.
2025-02-21 17:25:14.416  INFO 11148 --- [RMI TCP Connection(21)-127.0.0.1] o.apache.catalina.core.StandardService   : Stopping service [Tomcat]
2025-02-21 17:25:14.416  INFO 11148 --- [RMI TCP Connection(21)-127.0.0.1] o.a.c.c.C.[Tomcat].[localhost].[/]       : Destroying Spring FrameworkServlet 'dispatcherServlet'
2025-02-21 17:25:14.425  INFO 11148 --- [RMI TCP Connection(21)-127.0.0.1] j.LocalContainerEntityManagerFactoryBean : Closing JPA EntityManagerFactory for persistence unit 'default'
2025-02-21 17:25:14.425  INFO 11148 --- [RMI TCP Connection(21)-127.0.0.1] com.zaxxer.hikari.HikariDataSource       : HikariPool-2 - Shutdown initiated...
2025-02-21 17:25:14.442  INFO 11148 --- [RMI TCP Connection(21)-127.0.0.1] com.zaxxer.hikari.HikariDataSource       : HikariPool-2 - Shutdown completed.
2025-02-21 17:25:34.447  INFO 13864 --- [restartedMain] c.B.BlogApplication.BlogApplication      : Starting BlogApplication using Java 22.0.2 on DESKTOP-KGQ4EOO with PID 13864 (D:\BlogApplication2024\BlogApplication\target\classes started by com in D:\BlogApplication2024\BlogApplication)
2025-02-21 17:25:34.449  INFO 13864 --- [restartedMain] c.B.BlogApplication.BlogApplication      : No active profile set, falling back to 1 default profile: "default"
2025-02-21 17:25:34.549  INFO 13864 --- [restartedMain] .e.DevToolsPropertyDefaultsPostProcessor : Devtools property defaults active! Set 'spring.devtools.add-properties' to 'false' to disable
2025-02-21 17:25:34.549  INFO 13864 --- [restartedMain] .e.DevToolsPropertyDefaultsPostProcessor : For additional web related logging consider setting the 'logging.level.web' property to 'DEBUG'
2025-02-21 17:25:35.632  INFO 13864 --- [restartedMain] .s.d.r.c.RepositoryConfigurationDelegate : Bootstrapping Spring Data JPA repositories in DEFAULT mode.
2025-02-21 17:25:35.749  INFO 13864 --- [restartedMain] .s.d.r.c.RepositoryConfigurationDelegate : Finished Spring Data repository scanning in 91 ms. Found 3 JPA repository interfaces.
2025-02-21 17:25:36.712  INFO 13864 --- [restartedMain] o.s.b.w.embedded.tomcat.TomcatWebServer  : Tomcat initialized with port(s): 9090 (http)
2025-02-21 17:25:36.725  INFO 13864 --- [restartedMain] o.apache.catalina.core.StandardService   : Starting service [Tomcat]
2025-02-21 17:25:36.726  INFO 13864 --- [restartedMain] org.apache.catalina.core.StandardEngine  : Starting Servlet engine: [Apache Tomcat/9.0.71]
2025-02-21 17:25:36.863  INFO 13864 --- [restartedMain] o.a.c.c.C.[Tomcat].[localhost].[/]       : Initializing Spring embedded WebApplicationContext
2025-02-21 17:25:36.864  INFO 13864 --- [restartedMain] w.s.c.ServletWebServerApplicationContext : Root WebApplicationContext: initialization completed in 2314 ms
2025-02-21 17:25:37.097  INFO 13864 --- [restartedMain] o.hibernate.jpa.internal.util.LogHelper  : HHH000204: Processing PersistenceUnitInfo [name: default]
2025-02-21 17:25:37.221  INFO 13864 --- [restartedMain] org.hibernate.Version                    : HHH000412: Hibernate ORM core version 5.6.14.Final
2025-02-21 17:25:37.497  INFO 13864 --- [restartedMain] o.hibernate.annotations.common.Version   : HCANN000001: Hibernate Commons Annotations {5.1.2.Final}
2025-02-21 17:25:37.651  INFO 13864 --- [restartedMain] com.zaxxer.hikari.HikariDataSource       : HikariPool-1 - Starting...
2025-02-21 17:25:38.274  INFO 13864 --- [restartedMain] com.zaxxer.hikari.HikariDataSource       : HikariPool-1 - Start completed.
2025-02-21 17:25:38.305  INFO 13864 --- [restartedMain] org.hibernate.dialect.Dialect            : HHH000400: Using dialect: org.hibernate.dialect.MySQL8Dialect
2025-02-21 17:25:39.632  INFO 13864 --- [restartedMain] o.h.e.t.j.p.i.JtaPlatformInitiator       : HHH000490: Using JtaPlatform implementation: [org.hibernate.engine.transaction.jta.platform.internal.NoJtaPlatform]
2025-02-21 17:25:39.646  INFO 13864 --- [restartedMain] j.LocalContainerEntityManagerFactoryBean : Initialized JPA EntityManagerFactory for persistence unit 'default'
2025-02-21 17:25:40.553  WARN 13864 --- [restartedMain] JpaBaseConfiguration$JpaWebConfiguration : spring.jpa.open-in-view is enabled by default. Therefore, database queries may be performed during view rendering. Explicitly configure spring.jpa.open-in-view to disable this warning
2025-02-21 17:25:41.062  INFO 13864 --- [restartedMain] o.s.b.d.a.OptionalLiveReloadServer       : LiveReload server is running on port 35729
2025-02-21 17:25:41.129  INFO 13864 --- [restartedMain] o.s.b.w.embedded.tomcat.TomcatWebServer  : Tomcat started on port(s): 9090 (http) with context path ''
2025-02-21 17:25:41.147  INFO 13864 --- [restartedMain] c.B.BlogApplication.BlogApplication      : Started BlogApplication in 7.55 seconds (JVM running for 9.746)
2025-02-21 17:25:49.745  INFO 13864 --- [http-nio-9090-exec-2] o.a.c.c.C.[Tomcat].[localhost].[/]       : Initializing Spring DispatcherServlet 'dispatcherServlet'
2025-02-21 17:25:49.746  INFO 13864 --- [http-nio-9090-exec-2] o.s.web.servlet.DispatcherServlet        : Initializing Servlet 'dispatcherServlet'
2025-02-21 17:25:49.749  INFO 13864 --- [http-nio-9090-exec-2] o.s.web.servlet.DispatcherServlet        : Completed initialization in 3 ms
2025-02-21 17:25:49.850  INFO 13864 --- [http-nio-9090-exec-2] c.B.B.controller.PostController          : requesting to ge all posts by postid:{}
2025-02-21 17:25:49.850  INFO 13864 --- [http-nio-9090-exec-2] c.B.B.service.impl.PostServiceImpl       : requesting to ge all posts by postid:{}
2025-02-21 17:25:50.379  INFO 13864 --- [http-nio-9090-exec-2] c.B.B.service.impl.PostServiceImpl       : completed to ge all posts by postid:{}
2025-02-21 17:25:50.380  INFO 13864 --- [http-nio-9090-exec-2] c.B.B.controller.PostController          : requesting to ge all posts by postid:{}
2025-02-21 17:26:02.526  INFO 13864 --- [http-nio-9090-exec-3] c.B.B.controller.PostController          : requesting to ge all posts by postid:{}
2025-02-21 17:26:02.526  INFO 13864 --- [http-nio-9090-exec-3] c.B.B.service.impl.PostServiceImpl       : requesting to ge all posts by postid:{}
2025-02-21 17:26:02.559  INFO 13864 --- [http-nio-9090-exec-3] c.B.B.service.impl.PostServiceImpl       : completed to ge all posts by postid:{}
2025-02-21 17:26:02.559  INFO 13864 --- [http-nio-9090-exec-3] c.B.B.controller.PostController          : requesting to ge all posts by postid:{}
2025-02-21 17:26:14.255  INFO 13864 --- [http-nio-9090-exec-4] c.B.B.controller.PostController          : requesting to ge all posts by postid:{}
2025-02-21 17:26:14.256  INFO 13864 --- [http-nio-9090-exec-4] c.B.B.service.impl.PostServiceImpl       : requesting to ge all posts by postid:{}
2025-02-21 17:26:14.276  INFO 13864 --- [http-nio-9090-exec-4] c.B.B.service.impl.PostServiceImpl       : completed to ge all posts by postid:{}
2025-02-21 17:26:14.276  INFO 13864 --- [http-nio-9090-exec-4] c.B.B.controller.PostController          : requesting to ge all posts by postid:{}
2025-02-21 17:26:28.534  INFO 13864 --- [http-nio-9090-exec-5] c.B.B.controller.PostController          : requesting to ge all posts by postid:{}
2025-02-21 17:26:28.536  INFO 13864 --- [http-nio-9090-exec-5] c.B.B.service.impl.PostServiceImpl       : requesting to ge all posts by postid:{}
2025-02-21 17:26:28.543  INFO 13864 --- [http-nio-9090-exec-5] c.B.B.service.impl.PostServiceImpl       : completed to ge all posts by postid:{}
2025-02-21 17:26:28.543  INFO 13864 --- [http-nio-9090-exec-5] c.B.B.controller.PostController          : requesting to ge all posts by postid:{}
2025-02-21 17:26:37.620  INFO 13864 --- [http-nio-9090-exec-6] c.B.B.controller.PostController          : requesting to ge all posts by postid:{}
2025-02-21 17:26:37.620  INFO 13864 --- [http-nio-9090-exec-6] c.B.B.service.impl.PostServiceImpl       : requesting to ge all posts by postid:{}
2025-02-21 17:26:37.626  INFO 13864 --- [http-nio-9090-exec-6] c.B.B.service.impl.PostServiceImpl       : completed to ge all posts by postid:{}
2025-02-21 17:26:37.626  INFO 13864 --- [http-nio-9090-exec-6] c.B.B.controller.PostController          : requesting to ge all posts by postid:{}
2025-02-21 17:26:59.628  INFO 13864 --- [http-nio-9090-exec-7] c.B.B.controller.PostController          : requesting to ge all posts by postid:{}
2025-02-21 17:26:59.629  INFO 13864 --- [http-nio-9090-exec-7] c.B.B.service.impl.PostServiceImpl       : requesting to ge all posts by postid:{}
2025-02-21 17:26:59.648  INFO 13864 --- [http-nio-9090-exec-7] c.B.B.service.impl.PostServiceImpl       : completed to ge all posts by postid:{}
2025-02-21 17:26:59.649  INFO 13864 --- [http-nio-9090-exec-7] c.B.B.controller.PostController          : requesting to ge all posts by postid:{}
2025-02-21 18:02:41.445  INFO 13864 --- [RMI TCP Connection(45)-127.0.0.1] inMXBeanRegistrar$SpringApplicationAdmin : Application shutdown requested.
2025-02-21 18:02:41.458  INFO 13864 --- [RMI TCP Connection(45)-127.0.0.1] o.apache.catalina.core.StandardService   : Stopping service [Tomcat]
2025-02-21 18:02:41.462  INFO 13864 --- [RMI TCP Connection(45)-127.0.0.1] o.a.c.c.C.[Tomcat].[localhost].[/]       : Destroying Spring FrameworkServlet 'dispatcherServlet'
2025-02-21 18:02:41.480  INFO 13864 --- [RMI TCP Connection(45)-127.0.0.1] j.LocalContainerEntityManagerFactoryBean : Closing JPA EntityManagerFactory for persistence unit 'default'
2025-02-21 18:02:41.487  INFO 13864 --- [RMI TCP Connection(45)-127.0.0.1] com.zaxxer.hikari.HikariDataSource       : HikariPool-1 - Shutdown initiated...
2025-02-21 18:02:41.518  INFO 13864 --- [RMI TCP Connection(45)-127.0.0.1] com.zaxxer.hikari.HikariDataSource       : HikariPool-1 - Shutdown completed.
